
up to date, audited 1547 packages in 4s

262 packages are looking for funding
  run `npm fund` for details

8 vulnerabilities (2 moderate, 6 high)

To address all issues (including breaking changes), run:
  npm audit fix --force

Run `npm audit` for details.
[0;32mServerForm.js already exists.[0m
[0;32mServerList.js already exists.[0m
[0;32mStarting the frontend server with pm2...[0m

up to date, audited 1547 packages in 4s

262 packages are looking for funding
  run `npm fund` for details

8 vulnerabilities (2 moderate, 6 high)

To address all issues (including breaking changes), run:
  npm audit fix --force

Run `npm audit` for details.
[0;32m.env file already exists.[0m
[0;32mServerForm.js already exists.[0m
[0;32mServerList.js already exists.[0m
[0;32mStarting the frontend server with pm2...[0m

up to date, audited 1547 packages in 3s

262 packages are looking for funding
  run `npm fund` for details

8 vulnerabilities (2 moderate, 6 high)

To address all issues (including breaking changes), run:
  npm audit fix --force

Run `npm audit` for details.
[0;32m.env file already exists.[0m
[0;32mServerForm.js already exists.[0m
[0;32mServerList.js already exists.[0m
[0;32mStarting the frontend server with pm2...[0m

up to date, audited 1547 packages in 4s

262 packages are looking for funding
  run `npm fund` for details

8 vulnerabilities (2 moderate, 6 high)

To address all issues (including breaking changes), run:
  npm audit fix --force

Run `npm audit` for details.
[0;32m.env file already exists.[0m
[0;32mServerForm.js already exists.[0m
[0;32mServerList.js already exists.[0m
[0;32mStarting the frontend server with pm2...[0m

up to date, audited 1547 packages in 4s

262 packages are looking for funding
  run `npm fund` for details

8 vulnerabilities (2 moderate, 6 high)

To address all issues (including breaking changes), run:
  npm audit fix --force

Run `npm audit` for details.
[0;32m.env file already exists.[0m
[0;32mServerForm.js already exists.[0m
[0;32mServerList.js already exists.[0m
[0;32mStarting the frontend server with pm2...[0m

up to date, audited 1547 packages in 3s

262 packages are looking for funding
  run `npm fund` for details

8 vulnerabilities (2 moderate, 6 high)

To address all issues (including breaking changes), run:
  npm audit fix --force

Run `npm audit` for details.
[0;32m.env file already exists.[0m
[0;32mServerForm.js already exists.[0m
[0;32mServerList.js already exists.[0m
[0;32mStarting the frontend server with pm2...[0m

up to date, audited 1547 packages in 3s

262 packages are looking for funding
  run `npm fund` for details

8 vulnerabilities (2 moderate, 6 high)

To address all issues (including breaking changes), run:
  npm audit fix --force

Run `npm audit` for details.
[0;32m.env file already exists.[0m
[0;32mServerForm.js already exists.[0m
[0;32mServerList.js already exists.[0m
[0;32mStarting the frontend server with pm2...[0m

up to date, audited 1547 packages in 4s

262 packages are looking for funding
  run `npm fund` for details

8 vulnerabilities (2 moderate, 6 high)

To address all issues (including breaking changes), run:
  npm audit fix --force

Run `npm audit` for details.
[0;32m.env file already exists.[0m
[0;32mServerForm.js already exists.[0m
[0;32mServerList.js already exists.[0m
[0;32mStarting the frontend server with pm2...[0m

up to date, audited 1547 packages in 3s

262 packages are looking for funding
  run `npm fund` for details

8 vulnerabilities (2 moderate, 6 high)

To address all issues (including breaking changes), run:
  npm audit fix --force

Run `npm audit` for details.
[0;32m.env file already exists.[0m
[0;32mServerForm.js already exists.[0m
[0;32mServerList.js already exists.[0m
[0;32mStarting the frontend server with pm2...[0m

up to date, audited 1547 packages in 3s

262 packages are looking for funding
  run `npm fund` for details

8 vulnerabilities (2 moderate, 6 high)

To address all issues (including breaking changes), run:
  npm audit fix --force

Run `npm audit` for details.
[0;32m.env file already exists.[0m
[0;31mError: Moving logo file to public directory failed. Exiting.[0m

up to date, audited 1547 packages in 2s

262 packages are looking for funding
  run `npm fund` for details

8 vulnerabilities (2 moderate, 6 high)

To address all issues (including breaking changes), run:
  npm audit fix --force

Run `npm audit` for details.
[0;32m.env file already exists.[0m
[0;32mServerForm.js already exists.[0m
[0;32mServerList.js already exists.[0m
[0;32mStarting the frontend server with pm2...[0m
