
added 164 packages, and audited 251 packages in 8s

24 packages are looking for funding
  run `npm fund` for details

found 0 vulnerabilities
[0;32mserver.js already exists.[0m
[0;32mStarting the backend server with pm2...[0m
[0;31mError: Starting backend server with pm2 failed. Exiting.[0m

up to date, audited 251 packages in 1s

24 packages are looking for funding
  run `npm fund` for details

found 0 vulnerabilities
[0;32mserver.js already exists.[0m
[0;32mStarting the backend server with pm2...[0m

up to date, audited 251 packages in 3s

24 packages are looking for funding
  run `npm fund` for details

found 0 vulnerabilities
[0;32mserver.js already exists.[0m
[0;32mStarting the backend server with pm2...[0m

up to date, audited 251 packages in 787ms

24 packages are looking for funding
  run `npm fund` for details

found 0 vulnerabilities
[0;32mserver.js already exists.[0m
[0;32mStarting the backend server with pm2...[0m

up to date, audited 251 packages in 2s

24 packages are looking for funding
  run `npm fund` for details

found 0 vulnerabilities
[0;32mserver.js already exists.[0m
[0;32mStarting the backend server with pm2...[0m

up to date, audited 251 packages in 2s

24 packages are looking for funding
  run `npm fund` for details

found 0 vulnerabilities
[0;32mserver.js already exists.[0m
[0;32mStarting the backend server with pm2...[0m

up to date, audited 251 packages in 1s

24 packages are looking for funding
  run `npm fund` for details

found 0 vulnerabilities
[0;32mserver.js already exists.[0m
[0;32mStarting the backend server with pm2...[0m
[0;31mError: Starting backend server with pm2 failed. Exiting.[0m

up to date, audited 251 packages in 839ms

24 packages are looking for funding
  run `npm fund` for details

found 0 vulnerabilities
[0;32mserver.js already exists.[0m
[0;32mStarting the backend server with pm2...[0m
[0;31mError: Starting backend server with pm2 failed. Exiting.[0m

up to date, audited 251 packages in 829ms

24 packages are looking for funding
  run `npm fund` for details

found 0 vulnerabilities
[0;32mserver.js already exists.[0m
[0;32mStarting the backend server with pm2...[0m
[0;31mError: Starting backend server with pm2 failed. Exiting.[0m

up to date, audited 251 packages in 1s

24 packages are looking for funding
  run `npm fund` for details

found 0 vulnerabilities
[0;32mserver.js already exists.[0m
[0;32mStarting the backend server with pm2...[0m
[0;31mError: Starting backend server with pm2 failed. Exiting.[0m

up to date, audited 251 packages in 810ms

24 packages are looking for funding
  run `npm fund` for details

found 0 vulnerabilities
[0;32mserver.js already exists.[0m
[0;32mStarting the backend server with pm2...[0m
[0;31mError: Starting backend server with pm2 failed. Exiting.[0m

up to date, audited 251 packages in 1s

24 packages are looking for funding
  run `npm fund` for details

found 0 vulnerabilities
[0;32mserver.js already exists.[0m
[0;32mStarting the backend server with pm2...[0m
[0;31mError: Starting backend server with pm2 failed. Exiting.[0m

up to date, audited 251 packages in 2s

24 packages are looking for funding
  run `npm fund` for details

found 0 vulnerabilities
[0;32mserver.js already exists.[0m
[0;32mStarting the backend server with pm2...[0m

removed 18 packages, and audited 251 packages in 2s

24 packages are looking for funding
  run `npm fund` for details

found 0 vulnerabilities
[0;32mserver.js already exists.[0m
[0;32mStarting the backend server with pm2...[0m

added 22 packages, and audited 273 packages in 3s

25 packages are looking for funding
  run `npm fund` for details

found 0 vulnerabilities
[0;32mserver.js already exists.[0m
[0;32mStarting the backend server with pm2...[0m

up to date, audited 273 packages in 2s

25 packages are looking for funding
  run `npm fund` for details

found 0 vulnerabilities
[0;32mserver.js already exists.[0m
[0;32mStarting the backend server with pm2...[0m

up to date, audited 273 packages in 2s

25 packages are looking for funding
  run `npm fund` for details

found 0 vulnerabilities
[0;32mserver.js already exists.[0m
[0;32mStarting the backend server with pm2...[0m

up to date, audited 273 packages in 824ms

25 packages are looking for funding
  run `npm fund` for details

found 0 vulnerabilities
[0;32mserver.js already exists.[0m
[0;32mStarting the backend server with pm2...[0m
